<?xml version="1.0" encoding="UTF-8"?>
<!-- Generated by org.testng.reporters.JUnitReportReporter -->
<testsuite hostname="LAPTOP-59KRKKO9" failures="0" tests="1" name="demo.Sample" time="0.040" errors="0" timestamp="2024-07-26T12:02:52 IST" skipped="0">
  <testcase classname="demo.Sample" name="demo" time="0.040"/>
  <system-out>
    <![CDATA[Sample class is executed]]>
  </system-out>
</testsuite> <!-- demo.Sample -->
