<?xml version="1.0" encoding="UTF-8"?>
<!-- Generated by org.testng.reporters.JUnitReportReporter -->
<testsuite hostname="LAPTOP-59KRKKO9" failures="0" tests="1" name="demo.LocatorsTest" time="3.976" errors="0" timestamp="2024-08-04T11:57:26 IST" skipped="0">
  <testcase classname="demo.LocatorsTest" name="test" time="3.976"/>
  <system-out/>
</testsuite> <!-- demo.LocatorsTest -->
