<?xml version="1.0" encoding="UTF-8"?>
<!-- Generated by org.testng.reporters.JUnitReportReporter -->
<testsuite hostname="LAPTOP-59KRKKO9" failures="0" tests="1" name="demo.SampleTest" time="0.019" errors="0" timestamp="2024-07-27T11:17:15 IST" skipped="0">
  <testcase classname="demo.SampleTest" name="sample" time="0.019"/>
  <system-out>
    <![CDATA[SampleTest class executed]]>
  </system-out>
</testsuite> <!-- demo.SampleTest -->
